Gimson IPA Replacement Log
Date: 2026-06-13 19:59:59
Total words: 295
Changed via API: 78
Changed via phonemizer: 72
Unchanged: 145
Failed: 0

 Idx Word                      Old                            New                            Source
----------------------------------------------------------------------------------------------------
   2 community                 /k…ôňąmjuňźn…ôti/                  /k(…ô)ňąmjun…ôti/                 API
   3 thanksgiving              /ňĆőł√¶Ňčksňą…°…™v…™Ňč/                 /ňąőł√¶ŇčksňĆ…°…™v.…™Ňč/                API
   5 charades                  / É…ôňąr…Ďňźdz/                     / É…źr…Ďňźdz/                      phonemizer
   6 loan                      /lo än/                         /l…ô än/                         API
   7 craft                     /kr√¶ft/                        /kr…Ďňźft/                       API
   8 aerobics                  /ňĆerňąo äb…™ks/                   /…ôňąr…ô äb…™ks/                    API
  11 guarantor                 /ňĆ…°√¶r…ônňąt…Ēňźr/                  /ňą…°√¶r…ônt…Ēňź(r)/                 API
  13 tuxedo                    /t Ćkňąsiňźdo ä/                   /t Ćkňąsiňźd…ô ä/                   API
  15 stretch                   /stret É/                       /str…õt É/                       API
  16 exhausted                 /…™…°ňąz…Ēňźst…™d/                   /…™…°ňąz…Ďst…™d/                    API
  19 tennis                    /ňąten…™s/                       /ňąt…õn.…™s/                      API
  22 program                   /ňąp…Ļo äňĆ…°…Ļ√¶m/                   /ňąpr…ô ä…°r√¶m/                    API
  29 responsible               /…Ļ…™ňąsp…íns…ôblŐ©/                 /r…™ňąsp…íns…ôblŐ©/                 API
  39 programs                  /ňąp…Ļo ä…°…Ļ√¶ms/                   /ňąpr…ô ä…°r√¶ms/                   API
  42 refurbishing              /ňĆriňźňąf…úňźrb…™ É…™Ňč/               /r…™f…úňźb…™ É…™Ňč/                   phonemizer
  44 parade                    /p…ôňą…Ļe…™d/                      /p…ôňąre…™d/                      API
  46 fliers                    /ňąfla…™…ôrz/                     /fla…™…ôz/                       phonemizer
  47 ferryboat                 /ňąf…õ…ĻiňĆb…ô ät/                   /ňąf…õriňĆb…ô ät/                   API
  51 frozen                    /ňąf…Ļ…ô äz…ôn/                     /ňąfr…ô äz…ôn/                     API
  52 pilgrims                  /ňąp…™l…°…Ļ…™mz/                    /ňąp…™l…°r…™mz/                    API
  55 solved                    /s…Ďňźlvd/                       /s…ílvd/                        phonemizer
  57 tonsils                   /ňąt…Ďňźns…ôlz/                    /t…íns…ôlz/                      phonemizer
  58 flavors                   /ňąfle…™v…ôrz/                    /fle…™v…ôz/                      phonemizer
  60 dinnertime                /ňąd…™n…ôrta…™m/                   /d…™n…ôta…™m/                     phonemizer
  61 theater                   /ňąőłi(…ô)t…ö/                     /ňąőłiňź…ô.t…ô/                     API
  64 crabs                     /k…Ļ√¶bz/                        /kr√¶bz/                        API
  66 property                  /ňąp…Ļ…íp.…ôt.i/                   /ňąpr…íp.…ôt.i/                   API
  67 organization              /ňĆ…Ē…Ļ…°…ôna…™ňąze…™ É…ôn/              /ňĆ…Ēr…°…ôna…™ňąze…™ É…ôn/              API
  68 foreman                   /ňąf…Ēňź(…Ļ)m…ôn/                   /ňąf…Ēňź(r)m…ôn/                   API
  71 adorable                  /…ôňąd…Ēňź…Ļ…ôb…ôl/                   /…ôňąd…Ēňźr…ôb…ôl/                   API
  74 creep                     /k…Ļiňźp/                        /kriňźp/                        API
  77 barn                      [baňźn]                         /b…Ďňźn/                         API
  78 railroad                  /ňą…Ļe…™l…Ļ…ô äd/                    /ňąre…™lr…ô äd/                    API
  79 centers                   /ňąsent…ôrz/                     /s…õnt…ôz/                       phonemizer
  80 contract                  /ňąk…ínt…Ļ√¶kt/                    /ňąk…íntr√¶kt/                    API
  84 fellas                    /ňąfel…ôz/                       /f…õl…ôz/                        phonemizer
  85 wristband                 /ňą…Ļ…™s(t)ňĆb√¶nd/                 /ňąr…™s(t)ňĆb√¶nd/                 API
  88 drugstore                 /ňąd…Ļ Ć…°.st…Ē…Ļ/                   /ňądr Ć…°.st…Ēňź(r)/                API
  89 ladders                   /ňąl√¶d…ôrz/                      /lad…ôz/                        phonemizer
  91 lifeguard                 /ňąla…™f…°…Ďňźrd/                   /la…™f…°…Ďňźd/                     phonemizer
  93 parades                   /p…ôňą…Ļe…™dz/                     /p…ôňąre…™dz/                     API
  98 uptown                    /ňą Ćpta än/                      / Ćpta än/                       phonemizer
 100 pediatrician              /piňźd…™…ôňąt…Ļ…™ É…ôn/                /piňźd…™…ôňątr…™ É…ôn/                API
 101 crispy                    /ňąk…Ļ…™s.pi/                     /ňąkr…™s.pi/                     API
 103 neighbor                  /ňąne…™b…ôr/                      /ne…™b…ô/                        phonemizer
 106 someday                   /ňąs Ćmde…™/                      /s Ćmde…™/                       phonemizer
 107 sunrises                  /ňąs Ćnra…™z…™z/                   /s Ćnra…™z…™z/                    phonemizer
 108 tango                     /ňąt√¶Ňč…°…ô ä/                      /taŇč…°…ô ä/                       phonemizer
 110 tomatoes                  /t…ôňąme…™to äz/                   /t…ôm…Ďňźt…ô äz/                    phonemizer
 112 cucumbers                 /ňąkjuňźk Ćmb…ôrz/                 /kjuňźk Ćmb…ôz/                   phonemizer
 113 broccoli                  /ňąb…Ļ…í.k…ô.li/                   /ňąbr…í.k…ô.li/                   API
 115 lunchtime                 /ňąl ĆntÕ° Éta…™m/                  /ňąl Ćnt Éta…™m/                   API
 116 wrap                      /…Ļ√¶p/                          /r√¶p/                          API
 118 indians                   /ňą…™ndi…ônz/                     /…™ndi…ônz/                      phonemizer
 121 prevention                /p…Ļ…™ňąv…õn É…ôn/                   /pr…™ňąv…õn É…ôn/                   API
 122 cruelty                   /ňąk…Ļuňź(…ô)lti/                  /ňąkruňź(…ô)lti/                  API
 127 residence                 /ňą…Ļ…õz.…™.d…ôns/                  /ňąr…õz.…™.d…ôns/                  API
 128 dwarfs                    /dw…Ēňźrfz/                      /dw…Ēňźfs/                       phonemizer
 131 scary                     /ňąsk…õ…ô…Ļi/                      /ňąsk…õ…ôri/                      API
 132 victors                   /ňąv…™kt…ôrz/                     /v…™kt…ôz/                       phonemizer
 134 conquering                /ňąk…ĎňźŇčk…ôr…™Ňč/                   /k…íŇčk…ôr…™Ňč/                     phonemizer
 135 heroes                    /ňąh…™…ô…Ļ…ô äz/                     /ňąh…™…ôr…ô äz/                     API
 137 transcript                /ňąt…Ļ√¶nsk…Ļ…™pt/                  /ňątr√¶nskr…™pt/                  API
 138 editorials                /ňĆed…™ňąt…Ēňźri…ôlz/                /…õd…™t…Ēňźr…™…ôlz/                  phonemizer
 141 thirsty                   /ňąőł…úňź(…Ļ)st.i/                  /ňąőł…úňź(r)st.i/                  API
 143 celery                    /ňąs…õl.…ô.…Ļi/                    /ňąs…õl.…ô.ri/                    API
 144 ranch                     /…Ļ…Ďňźnt É/                       /r…Ďňźnt É/                       API
 146 freelance                 /ňąf…Ļiňźl…Ďňźns/                   /ňąfriňźl…Ďňźns/                   API
 154 malls                     /m…Ēňźlz/                        /malz/                         phonemizer
 155 evolved                   /…™ňąv…Ďňźlvd/                     /…™v…ílvd/                       phonemizer
 156 resolve                   /…Ļiňźňąz…ílv/                     /riňźňąz…ílv/                     API
 158 brainpower                /ňąbre…™npa ä…ôr/                  /bre…™npa ä…ô/                    phonemizer
 160 contractor                /ňąk…ínňĆt…Ļ√¶k.t…ô(…Ļ)/              /ňąk…ínňĆtr√¶k.t…ô(r)/              API
 161 inspiration               /…™nsp…®ňą…Ļe…™ É…ôn/                 /…™nsp…®ňąre…™ É…ôn/                 API
 163 redesigning               /ňĆriňźd…™ňąza…™n…™Ňč/                /riňźd…™za…™n…™Ňč/                  phonemizer
 164 wrapping                  /ňą…Ļ√¶p…™Ňč/                       /ňąr√¶p…™Ňč/                       API
 168 diapering                 /ňąda…™p…ôr…™Ňč/                    /da…™p…ôr…™Ňč/                     phonemizer
 169 aquarium                  /-…õ…Ļi…ôm/                       /-…õri…ôm/                       API
 170 scout                     [sk Ć ät]                        /sk Ć ät/                        API
 171 boring                    /ňąb…Ēňź…Ļ…™Ňč/                      /ňąb…Ēňźr…™Ňč/                      API
 174 counterclockwise          /ňĆka änt…ôrňąkl…Ďňźkwa…™z/           /ka änt…ôkl…íkwa…™z/               phonemizer
 176 proposal                  /p…Ļ…ôňąp…ô äz…ôl/                   /pr…ôňąp…ô äz…ôl/                   API
 178 patchwork                 /ňąp√¶t Éw…úňźrk/                   /pat Éw…úňźk/                     phonemizer
 181 hotcakes                  /ňąh…Ďňźtke…™ks/                   /h…ítke…™ks/                     phonemizer
 182 syrup                     /ňąs…™.…Ļ…ôp/                      /ňąs…™.r…ôp/                      API
 183 scrambled                 /ňąskr√¶mb…ôld/                   /skramb…ôld/                    phonemizer
 186 homemade                  /ňĆho ämňąme…™d/                   /h…ô ämme…™d/                     phonemizer
 188 hood                      [h…™Őąd]                         /h…™Őąd/                         API
 189 whereabouts               /ňąwer…ôba äts/                   /we…ôr…źba äts/                   phonemizer
 190 route                     /…Ļ Čňźt/                         /ruňźt/                         API
 191 cleanup                   [ňąkliňźňĆn Ćp]                    /ňąkliňźňĆn Ćp/                    API
 193 yonder                    /ňąj…índ…ô(…Ļ)/                    /ňąj…índ…ô(r)/                    API
 194 rascal                    /ňąr√¶sk…ôl/                      /rask…ôl/                       phonemizer
 195 drama                     /ňąd…Ļ√¶m…ô/                       /ňądr√¶m…ô/                       API
 199 portrait                  /ňąp…Ēňźt…Ļe…™t/                    /ňąp…Ēňźtre…™t/                    API
 200 landmarks                 /ňąl√¶ndm…Ďňźrks/                  /landm…Ďňźks/                    phonemizer
 201 photographic              /ňĆfo ät…ôňą…°…Ļ√¶f…™k/                /ňĆf…ô ät…ôňą…°r√¶f…™k/                API
 203 dancers                   /ňąd√¶ns…ôrz/                     /dans…ôz/                       phonemizer
 204 sensational               /senňąse…™ É…ônl/                  /s…õnse…™ É…ôn…ôl/                  phonemizer
 205 polls                     /po älz/                        /p…ô älz/                        phonemizer
 206 enormously                /…™ňąn…Ēňźrm…ôsli/                  /…™n…Ēňźm…ôsli/                    phonemizer
 209 lockers                   /ňąl…Ďňźk…ôrz/                     /l…ík…ôz/                        phonemizer
 210 fixtures                  /ňąf…™kst É…ôrz/                   /f…™kst É…ôz/                     phonemizer
 211 hallways                  /ňąh…Ēňźlwe…™z/                    /h…Ēňźlwe…™z/                     phonemizer
 213 cultural                  /ňąk ĆltÕ° É…ô…Ļ…ôl/                  /ňąk Ćlt É…ôr…ôl/                   API
 215 inherited                 /…™nňąh…õ…Ļ…™t…™d/                   /…™nňąh…õr…™t…™d/                   API
 216 voters                    /ňąvo ät…ôrz/                     /v…ô ät…ôz/                       phonemizer
 217 contested                 /k…ônňątest…™d/                   /k…ônt…õst…™d/                    phonemizer
 218 rival                     /ňą…Ļa…™v…ôl/                      /ňąra…™v…ôl/                      API
 220 residents                 /ňąrez…™d…ônts/                   /r…õz…™d…ônts/                    phonemizer
 223 jitters                   /ňąd í…™t…ôrz/                     /d í…™t…ôz/                       phonemizer
 224 beloved                   /b…™ňąl Ćv…™d/                     /b…™l Ćvd/                       phonemizer
 225 matrimony                 /ňąmat…Ļ…™m…ôni/                   /ňąmatr…™m…ôni/                   API
 226 diner                     /ňąda…™n…ô(…Ļ)/                    /ňąda…™n…ô(r)/                    API
 227 checkbook                 /ňąt Éekb äk/                     /t É…õkb äk/                      phonemizer
 228 propose                   /p…Ļ…ôňąp…ô äz/                     /pr…ôňąp…ô äz/                     API
 229 solving                   /ňąs…Ďňźlv…™Ňč/                     /s…ílv…™Ňč/                       phonemizer
 231 leisure                   /ňąliňź í…ô(…Ļ)/                    /ňąliňź í…ô(r)/                    API
 235 harness                   /ňąh…Ďňź(…Ļ).n…ôs/                  /ňąh…Ďňź(r).n…ôs/                  API
 239 presidency                /ňąp…Ļez…™d…ônsi/                  /ňąprez…™d…ônsi/                  API
 241 checkup                   /ňąt Éek Ćp/                      /t É…õk Ćp/                       phonemizer
 243 fulltime                  /ňąf älta…™m/                     /f älta…™m/                      phonemizer
 244 careers                   /k…ôňąr…™rz/                      /k…ôri…ôz/                       phonemizer
 247 financially               /fa…™ňąn√¶n É…ôli/                  /fa…™nan É…ôli/                   phonemizer
 248 fittings                  /ňąf…™t…™Ňčz/                      /f…™t…™Ňčz/                       phonemizer
 249 supervise                 /ňąsuňźp…ôrva…™z/                  /suňźp…ôva…™z/                    phonemizer
 250 backbreaking              /ňąb√¶kňĆbre…™k…™Ňč/                 /bakbre…™k…™Ňč/                   phonemizer
 252 pastry                    /ňąpe…™st…Ļi/                     /ňąpe…™stri/                     API
 253 structural                /ňąstr Ćkt É…ôr…ôl/                 /str Ćkt É…ôr…ôl/                  phonemizer
 255 intergenerational         /ňĆ…™nt…ôrňĆd íen…ôňąre…™ É…ônl/         /…™nt…ôd í…õn…ôre…™ É…ôn…ôl/            phonemizer
 256 editorial                 /ňĆ…õd…™ňąt…Ēňź…Ļ…™…ôl/                 /ňĆ…õd…™ňąt…Ēňźr…™…ôl/                 API
 258 scrub                     /sk…Ļ Ćb/                        /skr Ćb/                        API
 259 interior                  /…™nňąt…™…ô…Ļ…™…ô/                    /…™nňąt…™…ôr…™…ô/                    API
 260 furnishings               /ňąf…úňźrn…™ É…™Ňčz/                  /f…úňźn…™ É…™Ňčz/                    phonemizer
 267 fractures                 /ňąfr√¶kt É…ôrz/                   /frakt É…ôz/                     phonemizer
 268 wristwatch                /ňąr…™sw…Ďňźt É/                    /r…™stw…ít É/                     phonemizer
 270 examinations              /…™…°ňĆz√¶m…™ňąne…™ É…ônz/              /…õ…°zam…™ne…™ É…ônz/                phonemizer
 272 engraved                  /…™nňą…°…Ļe…™vd/                    /…™nňą…°re…™vd/                    API
 273 tablecloth                /ňąte…™b…ôlkl…Ēňźőł/                 /te…™b…ôlkl…íőł/                   phonemizer
 276 breakdown                 /ňąb…Ļe…™kda än/                   /ňąbre…™kda än/                   API
 277 critic                    /ňąk…Ļ…™t.…™k/                     /ňąkr…™t.…™k/                     API
 279 stalling                  /ňąst…Ēňźl…™Ňč/                     /st…Ēňźl…™Ňč/                      phonemizer
 282 entitled                  /…™nňąta…™t…ôld/                   /…õnta…™t…ôld/                    phonemizer
 284 photography               /f…ôňąt…í…°…Ļ…ôfi/                   /f…ôňąt…í…°r…ôfi/                   API
 286 autograph                 /ňą…Ēňźt…ô…°r√¶f/                    /…Ēňźt…ô…°raf/                     phonemizer
 287 flattered                 /ňąfl√¶t…ôrd/                     /flat…ôd/                       phonemizer
 288 bankers                   /ňąb√¶Ňčk…ôrz/                     /baŇčk…ôz/                       phonemizer
 289 vendors                   /ňąvend…ôrz/                     /v…õnd…ôz/                       phonemizer
 290 teaspoon                  /ňątiňźspuňźn/                    /tiňźspuňźn/                     phonemizer
 295 manufactures              /ňĆm√¶njuňąf√¶kt É…ôrz/              /manjuňźfakt É…ôz/                phonemizer
